<?xml version="1.0" encoding="UTF-8"?>
<testng-results ignored="0" total="1" passed="1" failed="0" skipped="0">
  <reporter-output>
  </reporter-output>
  <suite started-at="2025-12-18T14:26:51 IST" name="Default suite" finished-at="2025-12-18T14:26:51 IST" duration-ms="49">
    <groups>
    </groups>
    <test started-at="2025-12-18T14:26:51 IST" name="Default test" finished-at="2025-12-18T14:26:51 IST" duration-ms="49">
      <class name="LogDemo.LoggingTest">
        <test-method signature="testLogs()[pri:0, instance:LogDemo.LoggingTest@78ffe6dc]" started-at="2025-12-18T14:26:51 IST" name="testLogs" finished-at="2025-12-18T14:26:51 IST" duration-ms="10" status="PASS">
          <reporter-output>
          </reporter-output>
        </test-method> <!-- testLogs -->
      </class> <!-- LogDemo.LoggingTest -->
    </test> <!-- Default test -->
  </suite> <!-- Default suite -->
</testng-results>
