{"uuid":"9b9db24d-e0e6-4bb8-9391-780715b95c62","historyId":"ff2fe64ffda5009cca11e7ecfbadfede","fullName":"src/test/resources/features/flipkartOrderPlacement.feature:16","labels":[{"name":"host","value":"RCK"},{"name":"thread","value":"26248@RCK.main(3)"},{"name":"feature","value":"Flipkart OrderPlacement"},{"name":"story","value":"Order Placement Validation for Flipkart users"},{"name":"suite","value":"Flipkart OrderPlacement"},{"name":"testClass","value":"Order Placement Validation for Flipkart users"},{"name":"framework","value":"cucumber4jvm"},{"name":"language","value":"java"},{"name":"gherkin_uri","value":"file:///C:/Users/chara/Documents/HCL/Java/Flipkart/src/test/resources/features/flipkartOrderPlacement.feature"},{"name":"package","value":"src.test.resources.features.flipkartOrderPlacement_feature.Flipkart OrderPlacement"}],"links":[],"name":"Order Placement Validation for Flipkart users","status":"failed","statusDetails":{"known":false,"muted":false,"flaky":false,"message":"Place Order failed","trace":"java.lang.AssertionError: Place Order failed\r\n\tat utils.AssertUtils.assertStep(AssertUtils.java:24)\r\n\tat stepdefinition.OrderPlacementSteps.user_proceeds_to_checkout(OrderPlacementSteps.java:73)\r\n\tat ✽.user proceeds to checkout(file:///C:/Users/chara/Documents/HCL/Java/Flipkart/src/test/resources/features/flipkartOrderPlacement.feature:9)\r\n"},"stage":"finished","steps":[{"name":"Given  user opens Flipkart application","status":"passed","statusDetails":{"known":false,"muted":false,"flaky":false},"stage":"finished","steps":[],"attachments":[],"parameters":[],"start":1769483928805,"stop":1769483928813},{"name":"When  user logs in with \"8438941803\"","status":"passed","statusDetails":{"known":false,"muted":false,"flaky":false},"stage":"finished","steps":[{"name":"Login popup opened","status":"passed","stage":"finished","steps":[],"attachments":[],"parameters":[],"start":1769483931334,"stop":1769483931334},{"name":"OTP requested successfully","status":"passed","stage":"finished","steps":[],"attachments":[],"parameters":[],"start":1769483931498,"stop":1769483931498}],"attachments":[],"parameters":[],"start":1769483928813,"stop":1769483931499},{"name":"And  user searches product \"Asus Laptop\"","status":"passed","statusDetails":{"known":false,"muted":false,"flaky":false},"stage":"finished","steps":[{"name":"Product searched: Asus Laptop","status":"passed","stage":"finished","steps":[],"attachments":[],"parameters":[],"start":1769483958191,"stop":1769483958191}],"attachments":[],"parameters":[],"start":1769483931499,"stop":1769483958192},{"name":"And  user selects \"10\" product from results","status":"passed","statusDetails":{"known":false,"muted":false,"flaky":false},"stage":"finished","steps":[{"name":"Selected product number 10","status":"passed","stage":"finished","steps":[],"attachments":[],"parameters":[],"start":1769483958330,"stop":1769483958330}],"attachments":[],"parameters":[],"start":1769483958193,"stop":1769483958330},{"name":"And  user adds product to cart","status":"passed","statusDetails":{"known":false,"muted":false,"flaky":false},"stage":"finished","steps":[{"name":"Product added to cart","status":"passed","stage":"finished","steps":[],"attachments":[],"parameters":[],"start":1769483960519,"stop":1769483960519}],"attachments":[],"parameters":[],"start":1769483958331,"stop":1769483960519},{"name":"And  user proceeds to checkout","status":"failed","statusDetails":{"known":false,"muted":false,"flaky":false,"message":"Place Order failed","trace":"java.lang.AssertionError: Place Order failed\r\n\tat utils.AssertUtils.assertStep(AssertUtils.java:24)\r\n\tat stepdefinition.OrderPlacementSteps.user_proceeds_to_checkout(OrderPlacementSteps.java:73)\r\n\tat ✽.user proceeds to checkout(file:///C:/Users/chara/Documents/HCL/Java/Flipkart/src/test/resources/features/flipkartOrderPlacement.feature:9)\r\n"},"stage":"finished","steps":[{"name":"Place Order failed","status":"passed","stage":"finished","steps":[],"attachments":[],"parameters":[],"start":1769483977098,"stop":1769483977098},{"name":"Test failed: Place Order failed","status":"passed","stage":"finished","steps":[],"attachments":[],"parameters":[],"start":1769483977099,"stop":1769483977099}],"attachments":[{"name":"Failure Screenshot","source":"08ea3056-e7b4-48f2-a35d-2fc3588728b5-attachment.png","type":"image/png"},{"name":"Failure Reason","source":"4acd392a-0a32-4285-8f3c-7369cd9f7303-attachment.txt","type":"text/plain"}],"parameters":[],"start":1769483960520,"stop":1769483977107},{"name":"And  user enters customer details","status":"skipped","statusDetails":{"known":false,"muted":false,"flaky":false},"stage":"finished","steps":[],"attachments":[],"parameters":[],"start":1769483977108,"stop":1769483977109},{"name":"And  user completes the order","status":"skipped","statusDetails":{"known":false,"muted":false,"flaky":false},"stage":"finished","steps":[],"attachments":[],"parameters":[],"start":1769483977111,"stop":1769483977112},{"name":"Then  user should be logged out successfully","status":"skipped","statusDetails":{"known":false,"muted":false,"flaky":false},"stage":"finished","steps":[],"attachments":[],"parameters":[],"start":1769483977113,"stop":1769483977113}],"attachments":[],"parameters":[{"name":"mobileno","value":"8438941803"},{"name":"product","value":"Asus Laptop"},{"name":"nth","value":"10"}],"start":1769483922393,"stop":1769483984460}