<?xml version="1.0" encoding="UTF-8"?>
<!-- Generated by org.testng.reporters.JUnitReportReporter -->
<testsuite hostname="RCK" failures="0" tests="3" name="TestNGXML.ParallelTest" time="18.817" errors="0" timestamp="2025-12-17T13:55:00 IST" skipped="0">
  <testcase classname="TestNGXML.ParallelTest" name="launchEdge" time="9.332"/>
  <testcase classname="TestNGXML.ParallelTest" name="launchChrome" time="3.212"/>
  <testcase classname="TestNGXML.ParallelTest" name="launchFirefox" time="6.273"/>
</testsuite> <!-- TestNGXML.ParallelTest -->
