<?xml version="1.0" encoding="UTF-8"?>
<!-- Generated by org.testng.reporters.JUnitReportReporter -->
<testsuite hostname="RCK" failures="0" tests="2" name="BooksWagontest.DataProviderTest" time="9.385" errors="0" timestamp="2025-12-16T13:27:30 IST" skipped="0">
  <testcase classname="BooksWagontest.DataProviderTest" name="searchSortAndFetchNthProduct" time="3.447"/>
  <testcase classname="BooksWagontest.DataProviderTest" name="searchSortAndFetchNthProduct" time="5.938"/>
</testsuite> <!-- BooksWagontest.DataProviderTest -->
