{"uuid":"35560c67-c2b7-42c3-b293-d8a7ca8b7daf","historyId":"1cf1556ea78a4a06903e8a3999505788","fullName":"src/test/resources/features/login.feature:17","labels":[{"name":"host","value":"RCK"},{"name":"thread","value":"20708@RCK.main(3)"},{"name":"feature","value":"SauceDemo Login"},{"name":"story","value":"Login validation for SauceDemo users"},{"name":"suite","value":"SauceDemo Login"},{"name":"testClass","value":"Login validation for SauceDemo users"},{"name":"framework","value":"cucumber4jvm"},{"name":"language","value":"java"},{"name":"gherkin_uri","value":"file:///C:/Users/chara/Documents/HCL/Java/BDD_SauceDemo_PageFactory_JDBC/src/test/resources/features/login.feature"},{"name":"package","value":"src.test.resources.features.login_feature.SauceDemo Login"}],"links":[],"name":"Login validation for SauceDemo users","status":"failed","statusDetails":{"known":false,"muted":false,"flaky":false,"message":"Add to cart failed","trace":"java.lang.AssertionError: Add to cart failed\r\n\tat utils.AssertUtils.assertStep(AssertUtils.java:24)\r\n\tat stepdefinitions.LoginSteps.user_adds_product_to_cart(LoginSteps.java:109)\r\n\tat ✽.user adds product to cart(file:///C:/Users/chara/Documents/HCL/Java/BDD_SauceDemo_PageFactory_JDBC/src/test/resources/features/login.feature:7)\r\n"},"stage":"finished","steps":[{"name":"Given  user \"problem_user\" should be allowed to login","status":"passed","statusDetails":{"known":false,"muted":false,"flaky":false},"stage":"finished","steps":[{"name":"problem_user is ACTIVE in DB","status":"passed","stage":"finished","steps":[],"attachments":[],"parameters":[],"start":1769495287186,"stop":1769495287186}],"attachments":[],"parameters":[],"start":1769495287183,"stop":1769495287186},{"name":"When  user logs in with \"problem_user\" and \"secret_sauce\"","status":"passed","statusDetails":{"known":false,"muted":false,"flaky":false},"stage":"finished","steps":[{"name":"Login successful","status":"passed","stage":"finished","steps":[],"attachments":[],"parameters":[],"start":1769495287461,"stop":1769495287461}],"attachments":[],"parameters":[],"start":1769495287187,"stop":1769495287462},{"name":"And  user selects a product \"<product>\"","status":"passed","statusDetails":{"known":false,"muted":false,"flaky":false},"stage":"finished","steps":[{"name":"Product selected: <product>","status":"passed","stage":"finished","steps":[],"attachments":[],"parameters":[],"start":1769495287556,"stop":1769495287556}],"attachments":[],"parameters":[],"start":1769495287462,"stop":1769495287557},{"name":"And  user adds product to cart","status":"failed","statusDetails":{"known":false,"muted":false,"flaky":false,"message":"Add to cart failed","trace":"java.lang.AssertionError: Add to cart failed\r\n\tat utils.AssertUtils.assertStep(AssertUtils.java:24)\r\n\tat stepdefinitions.LoginSteps.user_adds_product_to_cart(LoginSteps.java:109)\r\n\tat ✽.user adds product to cart(file:///C:/Users/chara/Documents/HCL/Java/BDD_SauceDemo_PageFactory_JDBC/src/test/resources/features/login.feature:7)\r\n"},"stage":"finished","steps":[{"name":"Add to cart failed","status":"passed","stage":"finished","steps":[],"attachments":[],"parameters":[],"start":1769495297824,"stop":1769495297824},{"name":"Test failed: Add to cart failed","status":"passed","stage":"finished","steps":[],"attachments":[],"parameters":[],"start":1769495297824,"stop":1769495297824}],"attachments":[{"name":"Failure Screenshot","source":"7b0ed414-384d-4213-9d04-d4e77782232d-attachment.png","type":"image/png"},{"name":"Failure Reason","source":"be653551-deec-417e-8f75-f135390fece6-attachment.txt","type":"text/plain"}],"parameters":[],"start":1769495287557,"stop":1769495297825},{"name":"And  user proceeds to checkout","status":"skipped","statusDetails":{"known":false,"muted":false,"flaky":false},"stage":"finished","steps":[],"attachments":[],"parameters":[],"start":1769495297825,"stop":1769495297826},{"name":"And  user enters customer details \"John\" \"Doe\" \"600001\"","status":"skipped","statusDetails":{"known":false,"muted":false,"flaky":false},"stage":"finished","steps":[],"attachments":[],"parameters":[],"start":1769495297826,"stop":1769495297826},{"name":"And  user completes the order","status":"skipped","statusDetails":{"known":false,"muted":false,"flaky":false},"stage":"finished","steps":[],"attachments":[],"parameters":[],"start":1769495297826,"stop":1769495297827},{"name":"Then  order should exist in database","status":"skipped","statusDetails":{"known":false,"muted":false,"flaky":false},"stage":"finished","steps":[],"attachments":[],"parameters":[],"start":1769495297827,"stop":1769495297827}],"attachments":[],"parameters":[{"name":"username","value":"problem_user"},{"name":"password","value":"secret_sauce"},{"name":"firstname","value":"John"},{"name":"lastname","value":"Doe"},{"name":"zipcode","value":"600001"}],"start":1769495286057,"stop":1769495297983}