{"uuid":"983cafe1-b9fb-4535-90b8-f99c84bf8ebe","historyId":"248952050f05a3caf4dfb2b483315f8a","fullName":"src/test/resources/features/login.feature:20","labels":[{"name":"host","value":"RCK"},{"name":"thread","value":"18932@RCK.main(3)"},{"name":"feature","value":"SauceDemo Login"},{"name":"story","value":"Login validation for SauceDemo users"},{"name":"suite","value":"SauceDemo Login"},{"name":"testClass","value":"Login validation for SauceDemo users"},{"name":"framework","value":"cucumber4jvm"},{"name":"language","value":"java"},{"name":"gherkin_uri","value":"file:///C:/Users/chara/Documents/HCL/Java/BDD_SauceDemo/src/test/resources/features/login.feature"},{"name":"package","value":"src.test.resources.features.login_feature.SauceDemo Login"}],"links":[],"name":"Login validation for SauceDemo users","status":"failed","statusDetails":{"known":false,"muted":false,"flaky":false,"message":"Finish failed","trace":"java.lang.AssertionError: Finish failed\r\n\tat utils.AssertUtils.assertStep(AssertUtils.java:36)\r\n\tat stepdefinitions.LoginSteps.user_completes_the_order(LoginSteps.java:97)\r\n\tat ✽.user completes the order(file:///C:/Users/chara/Documents/HCL/Java/BDD_SauceDemo/src/test/resources/features/login.feature:10)\r\n"},"stage":"finished","steps":[{"name":"Given  user opens SauceDemo application","status":"passed","statusDetails":{"known":false,"muted":false,"flaky":false},"stage":"finished","steps":[],"attachments":[],"parameters":[],"start":1769145930946,"stop":1769145930947},{"name":"When  user logs in with \"error_user\" and \"secret_sauce\"","status":"passed","statusDetails":{"known":false,"muted":false,"flaky":false},"stage":"finished","steps":[{"name":"Login successful","status":"passed","stage":"finished","steps":[],"attachments":[],"parameters":[],"start":1769145931558,"stop":1769145931558}],"attachments":[],"parameters":[],"start":1769145930947,"stop":1769145931559},{"name":"And  user selects a product \"<product>\"","status":"passed","statusDetails":{"known":false,"muted":false,"flaky":false},"stage":"finished","steps":[{"name":"Product Page opened successfully","status":"passed","stage":"finished","steps":[],"attachments":[],"parameters":[],"start":1769145931658,"stop":1769145931658}],"attachments":[],"parameters":[],"start":1769145931559,"stop":1769145931658},{"name":"And  user adds product to cart","status":"passed","statusDetails":{"known":false,"muted":false,"flaky":false},"stage":"finished","steps":[{"name":"Add to Cart button working","status":"passed","stage":"finished","steps":[],"attachments":[],"parameters":[],"start":1769145931734,"stop":1769145931734},{"name":"Cart page shown","status":"passed","stage":"finished","steps":[],"attachments":[],"parameters":[],"start":1769145931833,"stop":1769145931834}],"attachments":[],"parameters":[],"start":1769145931659,"stop":1769145931835},{"name":"And  user proceeds to checkout","status":"passed","statusDetails":{"known":false,"muted":false,"flaky":false},"stage":"finished","steps":[{"name":"Checkout page opened","status":"passed","stage":"finished","steps":[],"attachments":[],"parameters":[],"start":1769145931943,"stop":1769145931943}],"attachments":[],"parameters":[],"start":1769145931835,"stop":1769145931943},{"name":"And  user enters customer details \"John\" \"Doe\" \"600001\"","status":"passed","statusDetails":{"known":false,"muted":false,"flaky":false},"stage":"finished","steps":[{"name":"Overview page shown","status":"passed","stage":"finished","steps":[],"attachments":[],"parameters":[],"start":1769145932187,"stop":1769145932187}],"attachments":[],"parameters":[],"start":1769145931943,"stop":1769145932188},{"name":"And  user completes the order","status":"failed","statusDetails":{"known":false,"muted":false,"flaky":false,"message":"Finish failed","trace":"java.lang.AssertionError: Finish failed\r\n\tat utils.AssertUtils.assertStep(AssertUtils.java:36)\r\n\tat stepdefinitions.LoginSteps.user_completes_the_order(LoginSteps.java:97)\r\n\tat ✽.user completes the order(file:///C:/Users/chara/Documents/HCL/Java/BDD_SauceDemo/src/test/resources/features/login.feature:10)\r\n"},"stage":"finished","steps":[{"name":"Finish failed","status":"passed","stage":"finished","steps":[],"attachments":[],"parameters":[],"start":1769145932364,"stop":1769145932364},{"name":"Test failed: Finish failed","status":"passed","stage":"finished","steps":[],"attachments":[],"parameters":[],"start":1769145932365,"stop":1769145932365}],"attachments":[{"name":"Failure Screenshot","source":"00ae2560-16c4-4ad9-8356-70cb3aec7f3a-attachment.png","type":"image/png"},{"name":"Failure Reason","source":"aca23d78-e0bb-4b57-9f48-49094520afdc-attachment.txt","type":"text/plain"}],"parameters":[],"start":1769145932188,"stop":1769145932366},{"name":"Then  user should be logged out successfully","status":"skipped","statusDetails":{"known":false,"muted":false,"flaky":false},"stage":"finished","steps":[],"attachments":[],"parameters":[],"start":1769145932366,"stop":1769145932367}],"attachments":[],"parameters":[{"name":"username","value":"error_user"},{"name":"password","value":"secret_sauce"},{"name":"firstname","value":"John"},{"name":"lastname","value":"Doe"},{"name":"zipcode","value":"600001"}],"start":1769145930078,"stop":1769145939623}