{"uuid":"a4a143e7-7087-4296-b14d-584dd405e083","historyId":"631b1b5299aa901a79a936c5c700c126","fullName":"src/test/resources/features/login.feature:19","labels":[{"name":"host","value":"RCK"},{"name":"thread","value":"20708@RCK.main(3)"},{"name":"feature","value":"SauceDemo Login"},{"name":"story","value":"Login validation for SauceDemo users"},{"name":"suite","value":"SauceDemo Login"},{"name":"testClass","value":"Login validation for SauceDemo users"},{"name":"framework","value":"cucumber4jvm"},{"name":"language","value":"java"},{"name":"gherkin_uri","value":"file:///C:/Users/chara/Documents/HCL/Java/BDD_SauceDemo_PageFactory_JDBC/src/test/resources/features/login.feature"},{"name":"package","value":"src.test.resources.features.login_feature.SauceDemo Login"}],"links":[],"name":"Login validation for SauceDemo users","status":"failed","statusDetails":{"known":false,"muted":false,"flaky":false,"message":"Order finish failed","trace":"java.lang.AssertionError: Order finish failed\r\n\tat utils.AssertUtils.assertStep(AssertUtils.java:24)\r\n\tat stepdefinitions.LoginSteps.user_completes_the_order(LoginSteps.java:158)\r\n\tat ✽.user completes the order(file:///C:/Users/chara/Documents/HCL/Java/BDD_SauceDemo_PageFactory_JDBC/src/test/resources/features/login.feature:10)\r\n"},"stage":"finished","steps":[{"name":"Given  user \"error_user\" should be allowed to login","status":"passed","statusDetails":{"known":false,"muted":false,"flaky":false},"stage":"finished","steps":[{"name":"error_user is ACTIVE in DB","status":"passed","stage":"finished","steps":[],"attachments":[],"parameters":[],"start":1769495307041,"stop":1769495307041}],"attachments":[],"parameters":[],"start":1769495307039,"stop":1769495307041},{"name":"When  user logs in with \"error_user\" and \"secret_sauce\"","status":"passed","statusDetails":{"known":false,"muted":false,"flaky":false},"stage":"finished","steps":[{"name":"Login successful","status":"passed","stage":"finished","steps":[],"attachments":[],"parameters":[],"start":1769495307280,"stop":1769495307280}],"attachments":[],"parameters":[],"start":1769495307041,"stop":1769495307281},{"name":"And  user selects a product \"<product>\"","status":"passed","statusDetails":{"known":false,"muted":false,"flaky":false},"stage":"finished","steps":[{"name":"Product selected: <product>","status":"passed","stage":"finished","steps":[],"attachments":[],"parameters":[],"start":1769495307396,"stop":1769495307396}],"attachments":[],"parameters":[],"start":1769495307281,"stop":1769495307396},{"name":"And  user adds product to cart","status":"passed","statusDetails":{"known":false,"muted":false,"flaky":false},"stage":"finished","steps":[{"name":"Add to cart successful","status":"passed","stage":"finished","steps":[],"attachments":[],"parameters":[],"start":1769495307462,"stop":1769495307462},{"name":"Cart page opened","status":"passed","stage":"finished","steps":[],"attachments":[],"parameters":[],"start":1769495307528,"stop":1769495307528}],"attachments":[],"parameters":[],"start":1769495307396,"stop":1769495307530},{"name":"And  user proceeds to checkout","status":"passed","statusDetails":{"known":false,"muted":false,"flaky":false},"stage":"finished","steps":[{"name":"Checkout page opened","status":"passed","stage":"finished","steps":[],"attachments":[],"parameters":[],"start":1769495307614,"stop":1769495307614}],"attachments":[],"parameters":[],"start":1769495307530,"stop":1769495307615},{"name":"And  user enters customer details \"John\" \"Doe\" \"600001\"","status":"passed","statusDetails":{"known":false,"muted":false,"flaky":false},"stage":"finished","steps":[{"name":"Customer details entered","status":"passed","stage":"finished","steps":[],"attachments":[],"parameters":[],"start":1769495307827,"stop":1769495307827}],"attachments":[],"parameters":[],"start":1769495307615,"stop":1769495307827},{"name":"And  user completes the order","status":"failed","statusDetails":{"known":false,"muted":false,"flaky":false,"message":"Order finish failed","trace":"java.lang.AssertionError: Order finish failed\r\n\tat utils.AssertUtils.assertStep(AssertUtils.java:24)\r\n\tat stepdefinitions.LoginSteps.user_completes_the_order(LoginSteps.java:158)\r\n\tat ✽.user completes the order(file:///C:/Users/chara/Documents/HCL/Java/BDD_SauceDemo_PageFactory_JDBC/src/test/resources/features/login.feature:10)\r\n"},"stage":"finished","steps":[{"name":"Order finish failed","status":"passed","stage":"finished","steps":[],"attachments":[],"parameters":[],"start":1769495308004,"stop":1769495308004},{"name":"Test failed: Order finish failed","status":"passed","stage":"finished","steps":[],"attachments":[],"parameters":[],"start":1769495308004,"stop":1769495308004}],"attachments":[{"name":"Failure Screenshot","source":"e0f6240d-ae06-4a9a-8140-63122659131b-attachment.png","type":"image/png"},{"name":"Failure Reason","source":"10071999-14df-4ebf-98a7-cd380672013c-attachment.txt","type":"text/plain"}],"parameters":[],"start":1769495307827,"stop":1769495308005},{"name":"Then  order should exist in database","status":"skipped","statusDetails":{"known":false,"muted":false,"flaky":false},"stage":"finished","steps":[],"attachments":[],"parameters":[],"start":1769495308006,"stop":1769495308006}],"attachments":[],"parameters":[{"name":"username","value":"error_user"},{"name":"password","value":"secret_sauce"},{"name":"firstname","value":"John"},{"name":"lastname","value":"Doe"},{"name":"zipcode","value":"600001"}],"start":1769495305930,"stop":1769495308180}