{"uuid":"b4f60885-13de-4bc4-95d1-3d820aad0b90","historyId":"248952050f05a3caf4dfb2b483315f8a","fullName":"src/test/resources/features/login.feature:20","labels":[{"name":"host","value":"RCK"},{"name":"thread","value":"24104@RCK.main(3)"},{"name":"feature","value":"SauceDemo Login"},{"name":"story","value":"Login validation for SauceDemo users"},{"name":"suite","value":"SauceDemo Login"},{"name":"testClass","value":"Login validation for SauceDemo users"},{"name":"framework","value":"cucumber4jvm"},{"name":"language","value":"java"},{"name":"gherkin_uri","value":"file:///C:/Users/chara/Documents/HCL/Java/BDD_SauceDemo/src/test/resources/features/login.feature"},{"name":"package","value":"src.test.resources.features.login_feature.SauceDemo Login"}],"links":[],"name":"Login validation for SauceDemo users","status":"failed","statusDetails":{"known":false,"muted":false,"flaky":false,"message":"Finish failed","trace":"java.lang.AssertionError: Finish failed\r\n\tat utils.AssertUtils.assertStep(AssertUtils.java:36)\r\n\tat stepdefinitions.LoginSteps.user_completes_the_order(LoginSteps.java:97)\r\n\tat ✽.user completes the order(file:///C:/Users/chara/Documents/HCL/Java/BDD_SauceDemo/src/test/resources/features/login.feature:10)\r\n"},"stage":"finished","steps":[{"name":"Given  user opens SauceDemo application","status":"passed","statusDetails":{"known":false,"muted":false,"flaky":false},"stage":"finished","steps":[],"attachments":[],"parameters":[],"start":1769146312484,"stop":1769146312484},{"name":"When  user logs in with \"error_user\" and \"secret_sauce\"","status":"passed","statusDetails":{"known":false,"muted":false,"flaky":false},"stage":"finished","steps":[{"name":"Login successful","status":"passed","stage":"finished","steps":[],"attachments":[],"parameters":[],"start":1769146312735,"stop":1769146312735}],"attachments":[],"parameters":[],"start":1769146312484,"stop":1769146312736},{"name":"And  user selects a product \"<product>\"","status":"passed","statusDetails":{"known":false,"muted":false,"flaky":false},"stage":"finished","steps":[{"name":"Product Page opened successfully","status":"passed","stage":"finished","steps":[],"attachments":[],"parameters":[],"start":1769146312836,"stop":1769146312836}],"attachments":[],"parameters":[],"start":1769146312736,"stop":1769146312838},{"name":"And  user adds product to cart","status":"passed","statusDetails":{"known":false,"muted":false,"flaky":false},"stage":"finished","steps":[{"name":"Add to Cart button working","status":"passed","stage":"finished","steps":[],"attachments":[],"parameters":[],"start":1769146312917,"stop":1769146312917},{"name":"Cart page shown","status":"passed","stage":"finished","steps":[],"attachments":[],"parameters":[],"start":1769146313011,"stop":1769146313011}],"attachments":[],"parameters":[],"start":1769146312838,"stop":1769146313012},{"name":"And  user proceeds to checkout","status":"passed","statusDetails":{"known":false,"muted":false,"flaky":false},"stage":"finished","steps":[{"name":"Checkout page opened","status":"passed","stage":"finished","steps":[],"attachments":[],"parameters":[],"start":1769146313089,"stop":1769146313089}],"attachments":[],"parameters":[],"start":1769146313012,"stop":1769146313089},{"name":"And  user enters customer details \"John\" \"Doe\" \"600001\"","status":"passed","statusDetails":{"known":false,"muted":false,"flaky":false},"stage":"finished","steps":[{"name":"Overview page shown","status":"passed","stage":"finished","steps":[],"attachments":[],"parameters":[],"start":1769146313343,"stop":1769146313343}],"attachments":[],"parameters":[],"start":1769146313090,"stop":1769146313344},{"name":"And  user completes the order","status":"failed","statusDetails":{"known":false,"muted":false,"flaky":false,"message":"Finish failed","trace":"java.lang.AssertionError: Finish failed\r\n\tat utils.AssertUtils.assertStep(AssertUtils.java:36)\r\n\tat stepdefinitions.LoginSteps.user_completes_the_order(LoginSteps.java:97)\r\n\tat ✽.user completes the order(file:///C:/Users/chara/Documents/HCL/Java/BDD_SauceDemo/src/test/resources/features/login.feature:10)\r\n"},"stage":"finished","steps":[{"name":"Finish failed","status":"passed","stage":"finished","steps":[],"attachments":[],"parameters":[],"start":1769146313620,"stop":1769146313620},{"name":"Test failed: Finish failed","status":"passed","stage":"finished","steps":[],"attachments":[],"parameters":[],"start":1769146313620,"stop":1769146313620}],"attachments":[{"name":"Failure Screenshot","source":"4f48ef31-e479-4480-bcb1-545c29efcfec-attachment.png","type":"image/png"},{"name":"Failure Reason","source":"1254833c-d215-4bfe-80a1-0651f955b15a-attachment.txt","type":"text/plain"}],"parameters":[],"start":1769146313344,"stop":1769146313622},{"name":"Then  user should be logged out successfully","status":"skipped","statusDetails":{"known":false,"muted":false,"flaky":false},"stage":"finished","steps":[],"attachments":[],"parameters":[],"start":1769146313624,"stop":1769146313624}],"attachments":[],"parameters":[{"name":"username","value":"error_user"},{"name":"password","value":"secret_sauce"},{"name":"firstname","value":"John"},{"name":"lastname","value":"Doe"},{"name":"zipcode","value":"600001"}],"start":1769146310094,"stop":1769146320255}