{"uuid":"daf02995-e206-449b-98bd-95c9b35b2ace","historyId":"631b1b5299aa901a79a936c5c700c126","fullName":"src/test/resources/features/login.feature:19","labels":[{"name":"host","value":"RCK"},{"name":"thread","value":"27224@RCK.main(3)"},{"name":"feature","value":"SauceDemo Login"},{"name":"story","value":"Login validation for SauceDemo users"},{"name":"suite","value":"SauceDemo Login"},{"name":"testClass","value":"Login validation for SauceDemo users"},{"name":"framework","value":"cucumber4jvm"},{"name":"language","value":"java"},{"name":"gherkin_uri","value":"file:///C:/Users/chara/Documents/HCL/Java/BDD_SauceDemo_PageFactory_JDBC/src/test/resources/features/login.feature"},{"name":"package","value":"src.test.resources.features.login_feature.SauceDemo Login"}],"links":[],"name":"Login validation for SauceDemo users","status":"failed","statusDetails":{"known":false,"muted":false,"flaky":false,"message":"Order finish failed","trace":"java.lang.AssertionError: Order finish failed\r\n\tat utils.AssertUtils.assertStep(AssertUtils.java:24)\r\n\tat stepdefinitions.LoginSteps.user_completes_the_order(LoginSteps.java:158)\r\n\tat ✽.user completes the order(file:///C:/Users/chara/Documents/HCL/Java/BDD_SauceDemo_PageFactory_JDBC/src/test/resources/features/login.feature:10)\r\n"},"stage":"finished","steps":[{"name":"Given  user \"error_user\" should be allowed to login","status":"passed","statusDetails":{"known":false,"muted":false,"flaky":false},"stage":"finished","steps":[{"name":"error_user is ACTIVE in DB","status":"passed","stage":"finished","steps":[],"attachments":[],"parameters":[],"start":1769500082373,"stop":1769500082373}],"attachments":[],"parameters":[],"start":1769500082368,"stop":1769500082373},{"name":"When  user logs in with \"error_user\" and \"secret_sauce\"","status":"passed","statusDetails":{"known":false,"muted":false,"flaky":false},"stage":"finished","steps":[{"name":"Login successful","status":"passed","stage":"finished","steps":[],"attachments":[],"parameters":[],"start":1769500082632,"stop":1769500082632}],"attachments":[],"parameters":[],"start":1769500082373,"stop":1769500082633},{"name":"And  user selects a product \"<product>\"","status":"passed","statusDetails":{"known":false,"muted":false,"flaky":false},"stage":"finished","steps":[{"name":"Product selected: <product>","status":"passed","stage":"finished","steps":[],"attachments":[],"parameters":[],"start":1769500082742,"stop":1769500082742}],"attachments":[],"parameters":[],"start":1769500082633,"stop":1769500082742},{"name":"And  user adds product to cart","status":"passed","statusDetails":{"known":false,"muted":false,"flaky":false},"stage":"finished","steps":[{"name":"Add to cart successful","status":"passed","stage":"finished","steps":[],"attachments":[],"parameters":[],"start":1769500082847,"stop":1769500082847},{"name":"Cart page opened","status":"passed","stage":"finished","steps":[],"attachments":[],"parameters":[],"start":1769500082928,"stop":1769500082928}],"attachments":[],"parameters":[],"start":1769500082743,"stop":1769500082928},{"name":"And  user proceeds to checkout","status":"passed","statusDetails":{"known":false,"muted":false,"flaky":false},"stage":"finished","steps":[{"name":"Checkout page opened","status":"passed","stage":"finished","steps":[],"attachments":[],"parameters":[],"start":1769500083009,"stop":1769500083009}],"attachments":[],"parameters":[],"start":1769500082929,"stop":1769500083009},{"name":"And  user enters customer details \"John\" \"Doe\" \"600001\"","status":"passed","statusDetails":{"known":false,"muted":false,"flaky":false},"stage":"finished","steps":[{"name":"Customer details entered","status":"passed","stage":"finished","steps":[],"attachments":[],"parameters":[],"start":1769500083216,"stop":1769500083216}],"attachments":[],"parameters":[],"start":1769500083010,"stop":1769500083216},{"name":"And  user completes the order","status":"failed","statusDetails":{"known":false,"muted":false,"flaky":false,"message":"Order finish failed","trace":"java.lang.AssertionError: Order finish failed\r\n\tat utils.AssertUtils.assertStep(AssertUtils.java:24)\r\n\tat stepdefinitions.LoginSteps.user_completes_the_order(LoginSteps.java:158)\r\n\tat ✽.user completes the order(file:///C:/Users/chara/Documents/HCL/Java/BDD_SauceDemo_PageFactory_JDBC/src/test/resources/features/login.feature:10)\r\n"},"stage":"finished","steps":[{"name":"Order finish failed","status":"passed","stage":"finished","steps":[],"attachments":[],"parameters":[],"start":1769500083430,"stop":1769500083430},{"name":"Test failed: Order finish failed","status":"passed","stage":"finished","steps":[],"attachments":[],"parameters":[],"start":1769500083431,"stop":1769500083431}],"attachments":[{"name":"Failure Screenshot","source":"e7fb7f14-6316-4653-ba77-780dbb55704b-attachment.png","type":"image/png"},{"name":"Failure Reason","source":"f4f53e1e-3137-4de3-bfc6-6a132a3cf603-attachment.txt","type":"text/plain"}],"parameters":[],"start":1769500083216,"stop":1769500083434},{"name":"Then  order should exist in database","status":"skipped","statusDetails":{"known":false,"muted":false,"flaky":false},"stage":"finished","steps":[],"attachments":[],"parameters":[],"start":1769500083434,"stop":1769500083435}],"attachments":[],"parameters":[{"name":"username","value":"error_user"},{"name":"password","value":"secret_sauce"},{"name":"firstname","value":"John"},{"name":"lastname","value":"Doe"},{"name":"zipcode","value":"600001"}],"start":1769500080756,"stop":1769500083647}