<?xml version="1.0" encoding="UTF-8"?>
<!-- Generated by org.testng.reporters.JUnitXMLReporter -->
<testsuite ignored="3" hostname="RCK" failures="1" tests="2" name="Test" time="0.054" errors="0" timestamp="2025-12-18T11:07:38 IST">
  <testcase classname="TestNGXML.IndexAndFailedTC" name="showMsg2" time="0.012">
    <failure type="java.lang.AssertionError" message="show Message2 is failed expected [pass] but found [pass1]">
      <![CDATA[java.lang.AssertionError: show Message2 is failed expected [pass] but found [pass1]
at TestNGXML.IndexAndFailedTC.showMsg2(IndexAndFailedTC.java:14)
at java.base/java.util.ArrayList.forEach(ArrayList.java:1596)
... Removed 30 stack frames]]>
    </failure>
  </testcase> <!-- showMsg2 -->
  <testcase classname="TestNGXML.IndexAndFailedTC" name="showMsg3" time="0.0">
    <skipped/>
  </testcase> <!-- showMsg3 -->
  <testcase classname="TestNGXML.IndexAndFailedTC" name="showMsg4" time="0.0">
    <ignored/>
  </testcase> <!-- showMsg4 -->
  <testcase classname="TestNGXML.IndexAndFailedTC" name="showMsg5" time="0.0">
    <ignored/>
  </testcase> <!-- showMsg5 -->
  <testcase classname="TestNGXML.IndexAndFailedTC" name="showMsg1" time="0.0">
    <ignored/>
  </testcase> <!-- showMsg1 -->
</testsuite> <!-- Test -->
