{"uid":"1396526248f59c80","name":"Login validation for SauceDemo users","fullName":"src/test/resources/features/login.feature:20","historyId":"248952050f05a3caf4dfb2b483315f8a","time":{"start":1769483442537,"stop":1769483446322,"duration":3785},"status":"failed","statusMessage":"Finish failed","statusTrace":"java.lang.AssertionError: Finish failed\r\n\tat utils.AssertUtils.assertStep(AssertUtils.java:24)\r\n\tat stepdefinitions.LoginSteps.user_completes_the_order(LoginSteps.java:92)\r\n\tat ✽.user completes the order(file:///C:/Users/chara/Documents/HCL/Java/BDD_SauceDemo/src/test/resources/features/login.feature:10)\r\n","flaky":false,"newFailed":false,"newBroken":false,"newPassed":false,"retriesCount":3,"retriesStatusChange":false,"beforeStages":[{"name":"stepdefinitions.Hooks.beforeScenario(io.cucumber.java.Scenario)","time":{"start":1769483442543,"stop":1769483443960,"duration":1417},"status":"passed","steps":[],"attachments":[],"parameters":[],"shouldDisplayMessage":false,"stepsCount":0,"attachmentStep":false,"attachmentsCount":0,"hasContent":false}],"testStage":{"status":"failed","statusMessage":"Finish failed","statusTrace":"java.lang.AssertionError: Finish failed\r\n\tat utils.AssertUtils.assertStep(AssertUtils.java:24)\r\n\tat stepdefinitions.LoginSteps.user_completes_the_order(LoginSteps.java:92)\r\n\tat ✽.user completes the order(file:///C:/Users/chara/Documents/HCL/Java/BDD_SauceDemo/src/test/resources/features/login.feature:10)\r\n","steps":[{"name":"Given  user opens SauceDemo application","time":{"start":1769483443960,"stop":1769483443961,"duration":1},"status":"passed","steps":[],"attachments":[],"parameters":[],"shouldDisplayMessage":false,"stepsCount":0,"attachmentStep":false,"attachmentsCount":0,"hasContent":false},{"name":"When  user logs in with \"error_user\" and \"secret_sauce\"","time":{"start":1769483443962,"stop":1769483444445,"duration":483},"status":"passed","steps":[{"name":"Login successful","time":{"start":1769483444444,"stop":1769483444444,"duration":0},"status":"passed","steps":[],"attachments":[],"parameters":[],"shouldDisplayMessage":false,"stepsCount":0,"attachmentStep":false,"attachmentsCount":0,"hasContent":false}],"attachments":[],"parameters":[],"shouldDisplayMessage":false,"stepsCount":1,"attachmentStep":false,"attachmentsCount":0,"hasContent":true},{"name":"And  user selects a product \"<product>\"","time":{"start":1769483444446,"stop":1769483444691,"duration":245},"status":"passed","steps":[{"name":"Product Page opened successfully","time":{"start":1769483444689,"stop":1769483444689,"duration":0},"status":"passed","steps":[],"attachments":[],"parameters":[],"shouldDisplayMessage":false,"stepsCount":0,"attachmentStep":false,"attachmentsCount":0,"hasContent":false}],"attachments":[],"parameters":[],"shouldDisplayMessage":false,"stepsCount":1,"attachmentStep":false,"attachmentsCount":0,"hasContent":true},{"name":"And  user adds product to cart","time":{"start":1769483444692,"stop":1769483444962,"duration":270},"status":"passed","steps":[{"name":"Add to Cart button working","time":{"start":1769483444824,"stop":1769483444824,"duration":0},"status":"passed","steps":[],"attachments":[],"parameters":[],"shouldDisplayMessage":false,"stepsCount":0,"attachmentStep":false,"attachmentsCount":0,"hasContent":false},{"name":"Cart page shown","time":{"start":1769483444961,"stop":1769483444961,"duration":0},"status":"passed","steps":[],"attachments":[],"parameters":[],"shouldDisplayMessage":false,"stepsCount":0,"attachmentStep":false,"attachmentsCount":0,"hasContent":false}],"attachments":[],"parameters":[],"shouldDisplayMessage":false,"stepsCount":2,"attachmentStep":false,"attachmentsCount":0,"hasContent":true},{"name":"And  user proceeds to checkout","time":{"start":1769483444963,"stop":1769483445119,"duration":156},"status":"passed","steps":[{"name":"Checkout page opened","time":{"start":1769483445118,"stop":1769483445118,"duration":0},"status":"passed","steps":[],"attachments":[],"parameters":[],"shouldDisplayMessage":false,"stepsCount":0,"attachmentStep":false,"attachmentsCount":0,"hasContent":false}],"attachments":[],"parameters":[],"shouldDisplayMessage":false,"stepsCount":1,"attachmentStep":false,"attachmentsCount":0,"hasContent":true},{"name":"And  user enters customer details \"John\" \"Doe\" \"600001\"","time":{"start":1769483445120,"stop":1769483445540,"duration":420},"status":"passed","steps":[{"name":"Overview page shown","time":{"start":1769483445539,"stop":1769483445540,"duration":1},"status":"passed","steps":[],"attachments":[],"parameters":[],"shouldDisplayMessage":false,"stepsCount":0,"attachmentStep":false,"attachmentsCount":0,"hasContent":false}],"attachments":[],"parameters":[],"shouldDisplayMessage":false,"stepsCount":1,"attachmentStep":false,"attachmentsCount":0,"hasContent":true},{"name":"And  user completes the order","time":{"start":1769483445541,"stop":1769483445867,"duration":326},"status":"failed","statusMessage":"Finish failed","statusTrace":"java.lang.AssertionError: Finish failed\r\n\tat utils.AssertUtils.assertStep(AssertUtils.java:24)\r\n\tat stepdefinitions.LoginSteps.user_completes_the_order(LoginSteps.java:92)\r\n\tat ✽.user completes the order(file:///C:/Users/chara/Documents/HCL/Java/BDD_SauceDemo/src/test/resources/features/login.feature:10)\r\n","steps":[{"name":"Finish failed","time":{"start":1769483445864,"stop":1769483445864,"duration":0},"status":"passed","steps":[],"attachments":[],"parameters":[],"shouldDisplayMessage":false,"stepsCount":0,"attachmentStep":false,"attachmentsCount":0,"hasContent":false},{"name":"Test failed: Finish failed","time":{"start":1769483445864,"stop":1769483445864,"duration":0},"status":"passed","steps":[],"attachments":[],"parameters":[],"shouldDisplayMessage":false,"stepsCount":0,"attachmentStep":false,"attachmentsCount":0,"hasContent":false}],"attachments":[{"uid":"19d5caf842125b4e","name":"Failure Screenshot","source":"19d5caf842125b4e.png","type":"image/png","size":21999},{"uid":"2c3954676b4f0dde","name":"Failure Reason","source":"2c3954676b4f0dde.txt","type":"text/plain","size":13}],"parameters":[],"shouldDisplayMessage":true,"stepsCount":2,"attachmentStep":false,"attachmentsCount":2,"hasContent":true},{"name":"Then  user should be logged out successfully","time":{"start":1769483445869,"stop":1769483445870,"duration":1},"status":"skipped","steps":[],"attachments":[],"parameters":[],"shouldDisplayMessage":false,"stepsCount":0,"attachmentStep":false,"attachmentsCount":0,"hasContent":false}],"attachments":[],"parameters":[],"shouldDisplayMessage":false,"stepsCount":16,"attachmentStep":false,"attachmentsCount":2,"hasContent":true},"afterStages":[{"name":"stepdefinitions.Hooks.afterScenario(io.cucumber.java.Scenario)","time":{"start":1769483445870,"stop":1769483446321,"duration":451},"status":"passed","steps":[],"attachments":[],"parameters":[],"shouldDisplayMessage":false,"stepsCount":0,"attachmentStep":false,"attachmentsCount":0,"hasContent":false}],"labels":[{"name":"host","value":"RCK"},{"name":"thread","value":"12700@RCK.main(3)"},{"name":"feature","value":"SauceDemo Login"},{"name":"story","value":"Login validation for SauceDemo users"},{"name":"suite","value":"SauceDemo Login"},{"name":"testClass","value":"Login validation for SauceDemo users"},{"name":"framework","value":"cucumber4jvm"},{"name":"language","value":"java"},{"name":"gherkin_uri","value":"file:///C:/Users/chara/Documents/HCL/Java/BDD_SauceDemo/src/test/resources/features/login.feature"},{"name":"package","value":"src.test.resources.features.login_feature.SauceDemo Login"},{"name":"resultFormat","value":"allure2"}],"parameters":[{"name":"firstname","value":"John"},{"name":"lastname","value":"Doe"},{"name":"password","value":"secret_sauce"},{"name":"username","value":"error_user"},{"name":"zipcode","value":"600001"}],"links":[],"hidden":false,"retry":false,"extra":{"severity":"normal","retries":[{"uid":"f8be3171fe4ea748","status":"failed","statusDetails":"Finish failed","time":{"start":1769146645236,"stop":1769146655267,"duration":10031}},{"uid":"8f449ba3b7320e77","status":"failed","statusDetails":"Finish failed","time":{"start":1769146310094,"stop":1769146320255,"duration":10161}},{"uid":"ac88f8d0346cfc7d","status":"failed","statusDetails":"Finish failed","time":{"start":1769145930078,"stop":1769145939623,"duration":9545}}],"categories":[{"name":"Product defects","matchedStatuses":[]}],"tags":[]},"source":"1396526248f59c80.json","parameterValues":["John","Doe","secret_sauce","error_user","600001"]}