{"uid":"61f1ef43e0f24108","name":"Login validation for SauceDemo users","fullName":"src/test/resources/features/login.feature:18","historyId":"2fbe781b7fec8801ab5427262160ba77","time":{"start":1769483420975,"stop":1769483433170,"duration":12195},"status":"failed","statusMessage":"Add to Cart failed","statusTrace":"java.lang.AssertionError: Add to Cart failed\r\n\tat utils.AssertUtils.assertStep(AssertUtils.java:24)\r\n\tat stepdefinitions.LoginSteps.user_adds_product_to_cart(LoginSteps.java:66)\r\n\tat ✽.user adds product to cart(file:///C:/Users/chara/Documents/HCL/Java/BDD_SauceDemo/src/test/resources/features/login.feature:7)\r\n","flaky":false,"newFailed":false,"newBroken":false,"newPassed":false,"retriesCount":3,"retriesStatusChange":false,"beforeStages":[{"name":"stepdefinitions.Hooks.beforeScenario(io.cucumber.java.Scenario)","time":{"start":1769483420975,"stop":1769483422076,"duration":1101},"status":"passed","steps":[],"attachments":[],"parameters":[],"shouldDisplayMessage":false,"stepsCount":0,"attachmentStep":false,"attachmentsCount":0,"hasContent":false}],"testStage":{"status":"failed","statusMessage":"Add to Cart failed","statusTrace":"java.lang.AssertionError: Add to Cart failed\r\n\tat utils.AssertUtils.assertStep(AssertUtils.java:24)\r\n\tat stepdefinitions.LoginSteps.user_adds_product_to_cart(LoginSteps.java:66)\r\n\tat ✽.user adds product to cart(file:///C:/Users/chara/Documents/HCL/Java/BDD_SauceDemo/src/test/resources/features/login.feature:7)\r\n","steps":[{"name":"Given  user opens SauceDemo application","time":{"start":1769483422076,"stop":1769483422077,"duration":1},"status":"passed","steps":[],"attachments":[],"parameters":[],"shouldDisplayMessage":false,"stepsCount":0,"attachmentStep":false,"attachmentsCount":0,"hasContent":false},{"name":"When  user logs in with \"problem_user\" and \"secret_sauce\"","time":{"start":1769483422078,"stop":1769483422329,"duration":251},"status":"passed","steps":[{"name":"Login successful","time":{"start":1769483422329,"stop":1769483422329,"duration":0},"status":"passed","steps":[],"attachments":[],"parameters":[],"shouldDisplayMessage":false,"stepsCount":0,"attachmentStep":false,"attachmentsCount":0,"hasContent":false}],"attachments":[],"parameters":[],"shouldDisplayMessage":false,"stepsCount":1,"attachmentStep":false,"attachmentsCount":0,"hasContent":true},{"name":"And  user selects a product \"<product>\"","time":{"start":1769483422330,"stop":1769483422415,"duration":85},"status":"passed","steps":[{"name":"Product Page opened successfully","time":{"start":1769483422414,"stop":1769483422414,"duration":0},"status":"passed","steps":[],"attachments":[],"parameters":[],"shouldDisplayMessage":false,"stepsCount":0,"attachmentStep":false,"attachmentsCount":0,"hasContent":false}],"attachments":[],"parameters":[],"shouldDisplayMessage":false,"stepsCount":1,"attachmentStep":false,"attachmentsCount":0,"hasContent":true},{"name":"And  user adds product to cart","time":{"start":1769483422415,"stop":1769483432971,"duration":10556},"status":"failed","statusMessage":"Add to Cart failed","statusTrace":"java.lang.AssertionError: Add to Cart failed\r\n\tat utils.AssertUtils.assertStep(AssertUtils.java:24)\r\n\tat stepdefinitions.LoginSteps.user_adds_product_to_cart(LoginSteps.java:66)\r\n\tat ✽.user adds product to cart(file:///C:/Users/chara/Documents/HCL/Java/BDD_SauceDemo/src/test/resources/features/login.feature:7)\r\n","steps":[{"name":"Add to Cart failed","time":{"start":1769483432969,"stop":1769483432969,"duration":0},"status":"passed","steps":[],"attachments":[],"parameters":[],"shouldDisplayMessage":false,"stepsCount":0,"attachmentStep":false,"attachmentsCount":0,"hasContent":false},{"name":"Test failed: Add to Cart failed","time":{"start":1769483432969,"stop":1769483432969,"duration":0},"status":"passed","steps":[],"attachments":[],"parameters":[],"shouldDisplayMessage":false,"stepsCount":0,"attachmentStep":false,"attachmentsCount":0,"hasContent":false}],"attachments":[{"uid":"11ff0b6410aca04f","name":"Failure Screenshot","source":"11ff0b6410aca04f.png","type":"image/png","size":98114},{"uid":"d6ddd2b7614c4927","name":"Failure Reason","source":"d6ddd2b7614c4927.txt","type":"text/plain","size":18}],"parameters":[],"shouldDisplayMessage":true,"stepsCount":2,"attachmentStep":false,"attachmentsCount":2,"hasContent":true},{"name":"And  user proceeds to checkout","time":{"start":1769483432971,"stop":1769483432971,"duration":0},"status":"skipped","steps":[],"attachments":[],"parameters":[],"shouldDisplayMessage":false,"stepsCount":0,"attachmentStep":false,"attachmentsCount":0,"hasContent":false},{"name":"And  user enters customer details \"John\" \"Doe\" \"600001\"","time":{"start":1769483432971,"stop":1769483432971,"duration":0},"status":"skipped","steps":[],"attachments":[],"parameters":[],"shouldDisplayMessage":false,"stepsCount":0,"attachmentStep":false,"attachmentsCount":0,"hasContent":false},{"name":"And  user completes the order","time":{"start":1769483432972,"stop":1769483432972,"duration":0},"status":"skipped","steps":[],"attachments":[],"parameters":[],"shouldDisplayMessage":false,"stepsCount":0,"attachmentStep":false,"attachmentsCount":0,"hasContent":false},{"name":"Then  user should be logged out successfully","time":{"start":1769483432972,"stop":1769483432972,"duration":0},"status":"skipped","steps":[],"attachments":[],"parameters":[],"shouldDisplayMessage":false,"stepsCount":0,"attachmentStep":false,"attachmentsCount":0,"hasContent":false}],"attachments":[],"parameters":[],"shouldDisplayMessage":false,"stepsCount":12,"attachmentStep":false,"attachmentsCount":2,"hasContent":true},"afterStages":[{"name":"stepdefinitions.Hooks.afterScenario(io.cucumber.java.Scenario)","time":{"start":1769483432972,"stop":1769483433170,"duration":198},"status":"passed","steps":[],"attachments":[],"parameters":[],"shouldDisplayMessage":false,"stepsCount":0,"attachmentStep":false,"attachmentsCount":0,"hasContent":false}],"labels":[{"name":"host","value":"RCK"},{"name":"thread","value":"12700@RCK.main(3)"},{"name":"feature","value":"SauceDemo Login"},{"name":"story","value":"Login validation for SauceDemo users"},{"name":"suite","value":"SauceDemo Login"},{"name":"testClass","value":"Login validation for SauceDemo users"},{"name":"framework","value":"cucumber4jvm"},{"name":"language","value":"java"},{"name":"gherkin_uri","value":"file:///C:/Users/chara/Documents/HCL/Java/BDD_SauceDemo/src/test/resources/features/login.feature"},{"name":"package","value":"src.test.resources.features.login_feature.SauceDemo Login"},{"name":"resultFormat","value":"allure2"}],"parameters":[{"name":"firstname","value":"John"},{"name":"lastname","value":"Doe"},{"name":"password","value":"secret_sauce"},{"name":"username","value":"problem_user"},{"name":"zipcode","value":"600001"}],"links":[],"hidden":false,"retry":false,"extra":{"severity":"normal","retries":[{"uid":"6b01b673d5a9bb25","status":"failed","statusDetails":"Add to Cart failed","time":{"start":1769146610222,"stop":1769146629868,"duration":19646}},{"uid":"df023562698fefec","status":"failed","statusDetails":"Add to Cart failed","time":{"start":1769146275576,"stop":1769146294612,"duration":19036}},{"uid":"94123f7260c6f0e8","status":"failed","statusDetails":"Add to Cart failed","time":{"start":1769145895777,"stop":1769145914927,"duration":19150}}],"categories":[{"name":"Product defects","matchedStatuses":[]}],"tags":[]},"source":"61f1ef43e0f24108.json","parameterValues":["John","Doe","secret_sauce","problem_user","600001"]}