{"uid":"f8be3171fe4ea748","name":"Login validation for SauceDemo users","fullName":"src/test/resources/features/login.feature:20","historyId":"248952050f05a3caf4dfb2b483315f8a","time":{"start":1769146645236,"stop":1769146655267,"duration":10031},"status":"failed","statusMessage":"Finish failed","statusTrace":"java.lang.AssertionError: Finish failed\r\n\tat utils.AssertUtils.assertStep(AssertUtils.java:24)\r\n\tat stepdefinitions.LoginSteps.user_completes_the_order(LoginSteps.java:92)\r\n\tat ✽.user completes the order(file:///C:/Users/chara/Documents/HCL/Java/BDD_SauceDemo/src/test/resources/features/login.feature:10)\r\n","flaky":false,"newFailed":false,"newBroken":false,"newPassed":false,"retriesCount":0,"retriesStatusChange":false,"beforeStages":[{"name":"stepdefinitions.Hooks.beforeScenario(io.cucumber.java.Scenario)","time":{"start":1769146645238,"stop":1769146646099,"duration":861},"status":"passed","steps":[],"attachments":[],"parameters":[],"shouldDisplayMessage":false,"stepsCount":0,"attachmentStep":false,"attachmentsCount":0,"hasContent":false}],"testStage":{"status":"failed","statusMessage":"Finish failed","statusTrace":"java.lang.AssertionError: Finish failed\r\n\tat utils.AssertUtils.assertStep(AssertUtils.java:24)\r\n\tat stepdefinitions.LoginSteps.user_completes_the_order(LoginSteps.java:92)\r\n\tat ✽.user completes the order(file:///C:/Users/chara/Documents/HCL/Java/BDD_SauceDemo/src/test/resources/features/login.feature:10)\r\n","steps":[{"name":"Given  user opens SauceDemo application","time":{"start":1769146646099,"stop":1769146646100,"duration":1},"status":"passed","steps":[],"attachments":[],"parameters":[],"shouldDisplayMessage":false,"stepsCount":0,"attachmentStep":false,"attachmentsCount":0,"hasContent":false},{"name":"When  user logs in with \"error_user\" and \"secret_sauce\"","time":{"start":1769146646100,"stop":1769146646769,"duration":669},"status":"passed","steps":[{"name":"Login successful","time":{"start":1769146646768,"stop":1769146646768,"duration":0},"status":"passed","steps":[],"attachments":[],"parameters":[],"shouldDisplayMessage":false,"stepsCount":0,"attachmentStep":false,"attachmentsCount":0,"hasContent":false}],"attachments":[],"parameters":[],"shouldDisplayMessage":false,"stepsCount":1,"attachmentStep":false,"attachmentsCount":0,"hasContent":true},{"name":"And  user selects a product \"<product>\"","time":{"start":1769146646769,"stop":1769146646867,"duration":98},"status":"passed","steps":[{"name":"Product Page opened successfully","time":{"start":1769146646867,"stop":1769146646867,"duration":0},"status":"passed","steps":[],"attachments":[],"parameters":[],"shouldDisplayMessage":false,"stepsCount":0,"attachmentStep":false,"attachmentsCount":0,"hasContent":false}],"attachments":[],"parameters":[],"shouldDisplayMessage":false,"stepsCount":1,"attachmentStep":false,"attachmentsCount":0,"hasContent":true},{"name":"And  user adds product to cart","time":{"start":1769146646868,"stop":1769146647015,"duration":147},"status":"passed","steps":[{"name":"Add to Cart button working","time":{"start":1769146646938,"stop":1769146646938,"duration":0},"status":"passed","steps":[],"attachments":[],"parameters":[],"shouldDisplayMessage":false,"stepsCount":0,"attachmentStep":false,"attachmentsCount":0,"hasContent":false},{"name":"Cart page shown","time":{"start":1769146647014,"stop":1769146647014,"duration":0},"status":"passed","steps":[],"attachments":[],"parameters":[],"shouldDisplayMessage":false,"stepsCount":0,"attachmentStep":false,"attachmentsCount":0,"hasContent":false}],"attachments":[],"parameters":[],"shouldDisplayMessage":false,"stepsCount":2,"attachmentStep":false,"attachmentsCount":0,"hasContent":true},{"name":"And  user proceeds to checkout","time":{"start":1769146647015,"stop":1769146647085,"duration":70},"status":"passed","steps":[{"name":"Checkout page opened","time":{"start":1769146647085,"stop":1769146647085,"duration":0},"status":"passed","steps":[],"attachments":[],"parameters":[],"shouldDisplayMessage":false,"stepsCount":0,"attachmentStep":false,"attachmentsCount":0,"hasContent":false}],"attachments":[],"parameters":[],"shouldDisplayMessage":false,"stepsCount":1,"attachmentStep":false,"attachmentsCount":0,"hasContent":true},{"name":"And  user enters customer details \"John\" \"Doe\" \"600001\"","time":{"start":1769146647085,"stop":1769146647281,"duration":196},"status":"passed","steps":[{"name":"Overview page shown","time":{"start":1769146647281,"stop":1769146647281,"duration":0},"status":"passed","steps":[],"attachments":[],"parameters":[],"shouldDisplayMessage":false,"stepsCount":0,"attachmentStep":false,"attachmentsCount":0,"hasContent":false}],"attachments":[],"parameters":[],"shouldDisplayMessage":false,"stepsCount":1,"attachmentStep":false,"attachmentsCount":0,"hasContent":true},{"name":"And  user completes the order","time":{"start":1769146647281,"stop":1769146647468,"duration":187},"status":"failed","statusMessage":"Finish failed","statusTrace":"java.lang.AssertionError: Finish failed\r\n\tat utils.AssertUtils.assertStep(AssertUtils.java:24)\r\n\tat stepdefinitions.LoginSteps.user_completes_the_order(LoginSteps.java:92)\r\n\tat ✽.user completes the order(file:///C:/Users/chara/Documents/HCL/Java/BDD_SauceDemo/src/test/resources/features/login.feature:10)\r\n","steps":[{"name":"Finish failed","time":{"start":1769146647467,"stop":1769146647467,"duration":0},"status":"passed","steps":[],"attachments":[],"parameters":[],"shouldDisplayMessage":false,"stepsCount":0,"attachmentStep":false,"attachmentsCount":0,"hasContent":false},{"name":"Test failed: Finish failed","time":{"start":1769146647467,"stop":1769146647467,"duration":0},"status":"passed","steps":[],"attachments":[],"parameters":[],"shouldDisplayMessage":false,"stepsCount":0,"attachmentStep":false,"attachmentsCount":0,"hasContent":false}],"attachments":[{"uid":"1f4dc946d3cab40b","name":"Failure Screenshot","source":"1f4dc946d3cab40b.png","type":"image/png","size":21999},{"uid":"477cac681e0bd860","name":"Failure Reason","source":"477cac681e0bd860.txt","type":"text/plain","size":13}],"parameters":[],"shouldDisplayMessage":true,"stepsCount":2,"attachmentStep":false,"attachmentsCount":2,"hasContent":true},{"name":"Then  user should be logged out successfully","time":{"start":1769146647470,"stop":1769146647470,"duration":0},"status":"skipped","steps":[],"attachments":[],"parameters":[],"shouldDisplayMessage":false,"stepsCount":0,"attachmentStep":false,"attachmentsCount":0,"hasContent":false}],"attachments":[],"parameters":[],"shouldDisplayMessage":false,"stepsCount":16,"attachmentStep":false,"attachmentsCount":2,"hasContent":true},"afterStages":[{"name":"stepdefinitions.Hooks.afterScenario(io.cucumber.java.Scenario)","time":{"start":1769146647470,"stop":1769146655267,"duration":7797},"status":"passed","steps":[],"attachments":[],"parameters":[],"shouldDisplayMessage":false,"stepsCount":0,"attachmentStep":false,"attachmentsCount":0,"hasContent":false}],"labels":[{"name":"host","value":"RCK"},{"name":"thread","value":"456@RCK.main(3)"},{"name":"feature","value":"SauceDemo Login"},{"name":"story","value":"Login validation for SauceDemo users"},{"name":"suite","value":"SauceDemo Login"},{"name":"testClass","value":"Login validation for SauceDemo users"},{"name":"framework","value":"cucumber4jvm"},{"name":"language","value":"java"},{"name":"gherkin_uri","value":"file:///C:/Users/chara/Documents/HCL/Java/BDD_SauceDemo/src/test/resources/features/login.feature"},{"name":"package","value":"src.test.resources.features.login_feature.SauceDemo Login"},{"name":"resultFormat","value":"allure2"}],"parameters":[{"name":"firstname","value":"John"},{"name":"lastname","value":"Doe"},{"name":"password","value":"secret_sauce"},{"name":"username","value":"error_user"},{"name":"zipcode","value":"600001"}],"links":[],"hidden":true,"retry":true,"extra":{"categories":[],"tags":[]},"source":"f8be3171fe4ea748.json","parameterValues":["John","Doe","secret_sauce","error_user","600001"]}