{"uuid":"0906fce1-56e1-41d7-8221-a1eaad1679e4","historyId":"248952050f05a3caf4dfb2b483315f8a","fullName":"src/test/resources/features/login.feature:20","labels":[{"name":"host","value":"RCK"},{"name":"thread","value":"456@RCK.main(3)"},{"name":"feature","value":"SauceDemo Login"},{"name":"story","value":"Login validation for SauceDemo users"},{"name":"suite","value":"SauceDemo Login"},{"name":"testClass","value":"Login validation for SauceDemo users"},{"name":"framework","value":"cucumber4jvm"},{"name":"language","value":"java"},{"name":"gherkin_uri","value":"file:///C:/Users/chara/Documents/HCL/Java/BDD_SauceDemo/src/test/resources/features/login.feature"},{"name":"package","value":"src.test.resources.features.login_feature.SauceDemo Login"}],"links":[],"name":"Login validation for SauceDemo users","status":"failed","statusDetails":{"known":false,"muted":false,"flaky":false,"message":"Finish failed","trace":"java.lang.AssertionError: Finish failed\r\n\tat utils.AssertUtils.assertStep(AssertUtils.java:24)\r\n\tat stepdefinitions.LoginSteps.user_completes_the_order(LoginSteps.java:92)\r\n\tat ✽.user completes the order(file:///C:/Users/chara/Documents/HCL/Java/BDD_SauceDemo/src/test/resources/features/login.feature:10)\r\n"},"stage":"finished","steps":[{"name":"Given  user opens SauceDemo application","status":"passed","statusDetails":{"known":false,"muted":false,"flaky":false},"stage":"finished","steps":[],"attachments":[],"parameters":[],"start":1769146646099,"stop":1769146646100},{"name":"When  user logs in with \"error_user\" and \"secret_sauce\"","status":"passed","statusDetails":{"known":false,"muted":false,"flaky":false},"stage":"finished","steps":[{"name":"Login successful","status":"passed","stage":"finished","steps":[],"attachments":[],"parameters":[],"start":1769146646768,"stop":1769146646768}],"attachments":[],"parameters":[],"start":1769146646100,"stop":1769146646769},{"name":"And  user selects a product \"<product>\"","status":"passed","statusDetails":{"known":false,"muted":false,"flaky":false},"stage":"finished","steps":[{"name":"Product Page opened successfully","status":"passed","stage":"finished","steps":[],"attachments":[],"parameters":[],"start":1769146646867,"stop":1769146646867}],"attachments":[],"parameters":[],"start":1769146646769,"stop":1769146646867},{"name":"And  user adds product to cart","status":"passed","statusDetails":{"known":false,"muted":false,"flaky":false},"stage":"finished","steps":[{"name":"Add to Cart button working","status":"passed","stage":"finished","steps":[],"attachments":[],"parameters":[],"start":1769146646938,"stop":1769146646938},{"name":"Cart page shown","status":"passed","stage":"finished","steps":[],"attachments":[],"parameters":[],"start":1769146647014,"stop":1769146647014}],"attachments":[],"parameters":[],"start":1769146646868,"stop":1769146647015},{"name":"And  user proceeds to checkout","status":"passed","statusDetails":{"known":false,"muted":false,"flaky":false},"stage":"finished","steps":[{"name":"Checkout page opened","status":"passed","stage":"finished","steps":[],"attachments":[],"parameters":[],"start":1769146647085,"stop":1769146647085}],"attachments":[],"parameters":[],"start":1769146647015,"stop":1769146647085},{"name":"And  user enters customer details \"John\" \"Doe\" \"600001\"","status":"passed","statusDetails":{"known":false,"muted":false,"flaky":false},"stage":"finished","steps":[{"name":"Overview page shown","status":"passed","stage":"finished","steps":[],"attachments":[],"parameters":[],"start":1769146647281,"stop":1769146647281}],"attachments":[],"parameters":[],"start":1769146647085,"stop":1769146647281},{"name":"And  user completes the order","status":"failed","statusDetails":{"known":false,"muted":false,"flaky":false,"message":"Finish failed","trace":"java.lang.AssertionError: Finish failed\r\n\tat utils.AssertUtils.assertStep(AssertUtils.java:24)\r\n\tat stepdefinitions.LoginSteps.user_completes_the_order(LoginSteps.java:92)\r\n\tat ✽.user completes the order(file:///C:/Users/chara/Documents/HCL/Java/BDD_SauceDemo/src/test/resources/features/login.feature:10)\r\n"},"stage":"finished","steps":[{"name":"Finish failed","status":"passed","stage":"finished","steps":[],"attachments":[],"parameters":[],"start":1769146647467,"stop":1769146647467},{"name":"Test failed: Finish failed","status":"passed","stage":"finished","steps":[],"attachments":[],"parameters":[],"start":1769146647467,"stop":1769146647467}],"attachments":[{"name":"Failure Screenshot","source":"2d96c90f-f04a-4aa4-a037-d12824664dfd-attachment.png","type":"image/png"},{"name":"Failure Reason","source":"348c8705-9817-42e8-8f4e-bb3b9f845ee4-attachment.txt","type":"text/plain"}],"parameters":[],"start":1769146647281,"stop":1769146647468},{"name":"Then  user should be logged out successfully","status":"skipped","statusDetails":{"known":false,"muted":false,"flaky":false},"stage":"finished","steps":[],"attachments":[],"parameters":[],"start":1769146647470,"stop":1769146647470}],"attachments":[],"parameters":[{"name":"username","value":"error_user"},{"name":"password","value":"secret_sauce"},{"name":"firstname","value":"John"},{"name":"lastname","value":"Doe"},{"name":"zipcode","value":"600001"}],"start":1769146645236,"stop":1769146655267}