{"uuid":"ba28e683-5197-4077-ba9e-b7db70039e49","historyId":"248952050f05a3caf4dfb2b483315f8a","fullName":"src/test/resources/features/login.feature:20","labels":[{"name":"host","value":"RCK"},{"name":"thread","value":"12700@RCK.main(3)"},{"name":"feature","value":"SauceDemo Login"},{"name":"story","value":"Login validation for SauceDemo users"},{"name":"suite","value":"SauceDemo Login"},{"name":"testClass","value":"Login validation for SauceDemo users"},{"name":"framework","value":"cucumber4jvm"},{"name":"language","value":"java"},{"name":"gherkin_uri","value":"file:///C:/Users/chara/Documents/HCL/Java/BDD_SauceDemo/src/test/resources/features/login.feature"},{"name":"package","value":"src.test.resources.features.login_feature.SauceDemo Login"}],"links":[],"name":"Login validation for SauceDemo users","status":"failed","statusDetails":{"known":false,"muted":false,"flaky":false,"message":"Finish failed","trace":"java.lang.AssertionError: Finish failed\r\n\tat utils.AssertUtils.assertStep(AssertUtils.java:24)\r\n\tat stepdefinitions.LoginSteps.user_completes_the_order(LoginSteps.java:92)\r\n\tat ✽.user completes the order(file:///C:/Users/chara/Documents/HCL/Java/BDD_SauceDemo/src/test/resources/features/login.feature:10)\r\n"},"stage":"finished","steps":[{"name":"Given  user opens SauceDemo application","status":"passed","statusDetails":{"known":false,"muted":false,"flaky":false},"stage":"finished","steps":[],"attachments":[],"parameters":[],"start":1769483443960,"stop":1769483443961},{"name":"When  user logs in with \"error_user\" and \"secret_sauce\"","status":"passed","statusDetails":{"known":false,"muted":false,"flaky":false},"stage":"finished","steps":[{"name":"Login successful","status":"passed","stage":"finished","steps":[],"attachments":[],"parameters":[],"start":1769483444444,"stop":1769483444444}],"attachments":[],"parameters":[],"start":1769483443962,"stop":1769483444445},{"name":"And  user selects a product \"<product>\"","status":"passed","statusDetails":{"known":false,"muted":false,"flaky":false},"stage":"finished","steps":[{"name":"Product Page opened successfully","status":"passed","stage":"finished","steps":[],"attachments":[],"parameters":[],"start":1769483444689,"stop":1769483444689}],"attachments":[],"parameters":[],"start":1769483444446,"stop":1769483444691},{"name":"And  user adds product to cart","status":"passed","statusDetails":{"known":false,"muted":false,"flaky":false},"stage":"finished","steps":[{"name":"Add to Cart button working","status":"passed","stage":"finished","steps":[],"attachments":[],"parameters":[],"start":1769483444824,"stop":1769483444824},{"name":"Cart page shown","status":"passed","stage":"finished","steps":[],"attachments":[],"parameters":[],"start":1769483444961,"stop":1769483444961}],"attachments":[],"parameters":[],"start":1769483444692,"stop":1769483444962},{"name":"And  user proceeds to checkout","status":"passed","statusDetails":{"known":false,"muted":false,"flaky":false},"stage":"finished","steps":[{"name":"Checkout page opened","status":"passed","stage":"finished","steps":[],"attachments":[],"parameters":[],"start":1769483445118,"stop":1769483445118}],"attachments":[],"parameters":[],"start":1769483444963,"stop":1769483445119},{"name":"And  user enters customer details \"John\" \"Doe\" \"600001\"","status":"passed","statusDetails":{"known":false,"muted":false,"flaky":false},"stage":"finished","steps":[{"name":"Overview page shown","status":"passed","stage":"finished","steps":[],"attachments":[],"parameters":[],"start":1769483445539,"stop":1769483445540}],"attachments":[],"parameters":[],"start":1769483445120,"stop":1769483445540},{"name":"And  user completes the order","status":"failed","statusDetails":{"known":false,"muted":false,"flaky":false,"message":"Finish failed","trace":"java.lang.AssertionError: Finish failed\r\n\tat utils.AssertUtils.assertStep(AssertUtils.java:24)\r\n\tat stepdefinitions.LoginSteps.user_completes_the_order(LoginSteps.java:92)\r\n\tat ✽.user completes the order(file:///C:/Users/chara/Documents/HCL/Java/BDD_SauceDemo/src/test/resources/features/login.feature:10)\r\n"},"stage":"finished","steps":[{"name":"Finish failed","status":"passed","stage":"finished","steps":[],"attachments":[],"parameters":[],"start":1769483445864,"stop":1769483445864},{"name":"Test failed: Finish failed","status":"passed","stage":"finished","steps":[],"attachments":[],"parameters":[],"start":1769483445864,"stop":1769483445864}],"attachments":[{"name":"Failure Screenshot","source":"357a24c8-6942-4237-a1d0-6daf13b654d2-attachment.png","type":"image/png"},{"name":"Failure Reason","source":"d7e09c35-061c-48bb-ae62-b603480a7419-attachment.txt","type":"text/plain"}],"parameters":[],"start":1769483445541,"stop":1769483445867},{"name":"Then  user should be logged out successfully","status":"skipped","statusDetails":{"known":false,"muted":false,"flaky":false},"stage":"finished","steps":[],"attachments":[],"parameters":[],"start":1769483445869,"stop":1769483445870}],"attachments":[],"parameters":[{"name":"username","value":"error_user"},{"name":"password","value":"secret_sauce"},{"name":"firstname","value":"John"},{"name":"lastname","value":"Doe"},{"name":"zipcode","value":"600001"}],"start":1769483442537,"stop":1769483446322}