{"uuid":"fc0b44ac-1804-4beb-8411-92cc9b008e68","historyId":"248952050f05a3caf4dfb2b483315f8a","fullName":"src/test/resources/features/login.feature:20","labels":[{"name":"host","value":"RCK"},{"name":"thread","value":"33732@RCK.main(3)"},{"name":"feature","value":"SauceDemo Login"},{"name":"story","value":"Login validation for SauceDemo users"},{"name":"suite","value":"SauceDemo Login"},{"name":"testClass","value":"Login validation for SauceDemo users"},{"name":"framework","value":"cucumber4jvm"},{"name":"language","value":"java"},{"name":"gherkin_uri","value":"file:///C:/Users/chara/Documents/HCL/Java/BDD_SauceDemo_PageFactory/src/test/resources/features/login.feature"},{"name":"package","value":"src.test.resources.features.login_feature.SauceDemo Login"}],"links":[],"name":"Login validation for SauceDemo users","status":"failed","statusDetails":{"known":false,"muted":false,"flaky":false,"message":"Finish failed","trace":"java.lang.AssertionError: Finish failed\r\n\tat utils.AssertUtils.assertStep(AssertUtils.java:26)\r\n\tat stepdefinitions.LoginSteps.user_completes_the_order(LoginSteps.java:93)\r\n\tat ✽.user completes the order(file:///C:/Users/chara/Documents/HCL/Java/BDD_SauceDemo_PageFactory/src/test/resources/features/login.feature:10)\r\n"},"stage":"finished","steps":[{"name":"Given  user opens SauceDemo application","status":"passed","statusDetails":{"known":false,"muted":false,"flaky":false},"stage":"finished","steps":[],"attachments":[],"parameters":[],"start":1769589140406,"stop":1769589140408},{"name":"When  user logs in with \"error_user\" and \"secret_sauce\"","status":"passed","statusDetails":{"known":false,"muted":false,"flaky":false},"stage":"finished","steps":[{"name":"Login successful","status":"passed","stage":"finished","steps":[],"attachments":[],"parameters":[],"start":1769589140927,"stop":1769589140927}],"attachments":[],"parameters":[],"start":1769589140408,"stop":1769589140929},{"name":"And  user selects a product \"<product>\"","status":"passed","statusDetails":{"known":false,"muted":false,"flaky":false},"stage":"finished","steps":[{"name":"Product Page opened successfully","status":"passed","stage":"finished","steps":[],"attachments":[],"parameters":[],"start":1769589141162,"stop":1769589141162}],"attachments":[],"parameters":[],"start":1769589140929,"stop":1769589141163},{"name":"And  user adds product to cart","status":"passed","statusDetails":{"known":false,"muted":false,"flaky":false},"stage":"finished","steps":[{"name":"Add to Cart button working","status":"passed","stage":"finished","steps":[],"attachments":[],"parameters":[],"start":1769589141330,"stop":1769589141330},{"name":"Cart page shown","status":"passed","stage":"finished","steps":[],"attachments":[],"parameters":[],"start":1769589141520,"stop":1769589141520}],"attachments":[],"parameters":[],"start":1769589141164,"stop":1769589141523},{"name":"And  user proceeds to checkout","status":"passed","statusDetails":{"known":false,"muted":false,"flaky":false},"stage":"finished","steps":[{"name":"Checkout page opened","status":"passed","stage":"finished","steps":[],"attachments":[],"parameters":[],"start":1769589141697,"stop":1769589141697}],"attachments":[],"parameters":[],"start":1769589141523,"stop":1769589141701},{"name":"And  user enters customer details \"John\" \"Doe\" \"600001\"","status":"passed","statusDetails":{"known":false,"muted":false,"flaky":false},"stage":"finished","steps":[{"name":"Overview page shown","status":"passed","stage":"finished","steps":[],"attachments":[],"parameters":[],"start":1769589142207,"stop":1769589142207}],"attachments":[],"parameters":[],"start":1769589141701,"stop":1769589142207},{"name":"And  user completes the order","status":"failed","statusDetails":{"known":false,"muted":false,"flaky":false,"message":"Finish failed","trace":"java.lang.AssertionError: Finish failed\r\n\tat utils.AssertUtils.assertStep(AssertUtils.java:26)\r\n\tat stepdefinitions.LoginSteps.user_completes_the_order(LoginSteps.java:93)\r\n\tat ✽.user completes the order(file:///C:/Users/chara/Documents/HCL/Java/BDD_SauceDemo_PageFactory/src/test/resources/features/login.feature:10)\r\n"},"stage":"finished","steps":[{"name":"Finish failed","status":"passed","stage":"finished","steps":[],"attachments":[],"parameters":[],"start":1769589142594,"stop":1769589142594},{"name":"Test failed: Finish failed","status":"passed","stage":"finished","steps":[],"attachments":[],"parameters":[],"start":1769589142594,"stop":1769589142594}],"attachments":[{"name":"Failure Screenshot","source":"797c641c-df7a-4009-9088-48a6a367c59c-attachment.png","type":"image/png"},{"name":"Failure Reason","source":"7a56068f-c565-464b-8e30-5d4975b6e6d6-attachment.txt","type":"text/plain"}],"parameters":[],"start":1769589142208,"stop":1769589142597},{"name":"Then  user should be logged out successfully","status":"skipped","statusDetails":{"known":false,"muted":false,"flaky":false},"stage":"finished","steps":[],"attachments":[],"parameters":[],"start":1769589142601,"stop":1769589142602}],"attachments":[],"parameters":[{"name":"username","value":"error_user"},{"name":"password","value":"secret_sauce"},{"name":"firstname","value":"John"},{"name":"lastname","value":"Doe"},{"name":"zipcode","value":"600001"}],"start":1769589138624,"stop":1769589142863}